<?xml version="1.0" encoding="UTF-8"?>
<robot generator="Robot 4.0.3 (Python 3.8.6 on win32)" generated="20210727 15:10:10.896" rpa="false" schemaversion="2">
<suite id="s1" name="Test Vm" source="C:\Users\WaseemS\Documents\robot_py_keyword_ssh\test_vm">
<kw name="Custom Setup" type="SETUP">
<kw name="Login To Host" library="TestSSH">
<arg>${HOST}</arg>
<arg>port=2222</arg>
<arg>username=${USERNAME}</arg>
<arg>password=${PASSWORD}</arg>
<msg timestamp="20210727 15:10:11.055" level="INFO">Logging into '127.0.0.1:2222' as 'waseem'.</msg>
<msg timestamp="20210727 15:10:12.274" level="INFO">Read output: Welcome to Ubuntu 20.04.2 LTS (GNU/Linux 5.8.0-63-generic x86_64)

 * Documentation:  https://help.ubuntu.com
 * Management:     https://landscape.canonical.com
 * Support:        https://ubuntu.com/advantage

253 updates can be installed immediately.
110 of these updates are security updates.
To see these additional updates run: apt list --upgradable

Your Hardware Enablement Stack (HWE) is supported until April 2025.
Last login: Tue Jul 27 15:07:37 2021 from 10.0.2.2
waseem@waseem-ahmad:~$</msg>
<status status="PASS" starttime="20210727 15:10:11.055" endtime="20210727 15:10:12.274"/>
</kw>
<status status="PASS" starttime="20210727 15:10:11.054" endtime="20210727 15:10:12.275"/>
</kw>
<suite id="s1-s1" name="Test Vm" source="C:\Users\WaseemS\Documents\robot_py_keyword_ssh\test_vm\test_vm.robot">
<test id="s1-s1-t1" name="Check Hostname">
<kw name="Get Hostname" library="TestSSH">
<var>${HOSTNAME}</var>
<msg timestamp="20210727 15:10:12.283" level="INFO">Executing command 'hostname'.</msg>
<msg timestamp="20210727 15:10:12.296" level="INFO">Command exited with return code 0.</msg>
<msg timestamp="20210727 15:10:12.296" level="INFO">${HOSTNAME} = waseem-ahmad</msg>
<status status="PASS" starttime="20210727 15:10:12.283" endtime="20210727 15:10:12.296"/>
</kw>
<kw name="Log" library="BuiltIn">
<arg>${HOSTNAME}</arg>
<doc>Logs the given message with the given level.</doc>
<msg timestamp="20210727 15:10:12.296" level="INFO">waseem-ahmad</msg>
<status status="PASS" starttime="20210727 15:10:12.296" endtime="20210727 15:10:12.297"/>
</kw>
<kw name="Should Be Equal" library="BuiltIn">
<arg>${HOSTNAME}</arg>
<arg>waseem-ahmad</arg>
<doc>Fails if the given objects are unequal.</doc>
<status status="PASS" starttime="20210727 15:10:12.297" endtime="20210727 15:10:12.297"/>
</kw>
<status status="PASS" starttime="20210727 15:10:12.283" endtime="20210727 15:10:12.297"/>
</test>
<test id="s1-s1-t2" name="Check Network">
<kw name="Execute Command" library="TestSSH">
<var>${NETWORK}</var>
<arg>ifconfig</arg>
<msg timestamp="20210727 15:10:12.299" level="INFO">Executing command 'ifconfig'.</msg>
<msg timestamp="20210727 15:10:12.310" level="INFO">Command exited with return code 0.</msg>
<msg timestamp="20210727 15:10:12.310" level="INFO">${NETWORK} = enp0s3: flags=4163&lt;UP,BROADCAST,RUNNING,MULTICAST&gt;  mtu 1500
        inet 10.0.2.15  netmask 255.255.255.0  broadcast 10.0.2.255
        inet6 fe80::49af:39d9:a007:792e  prefixlen 64  scopeid 0x20&lt;lin...</msg>
<status status="PASS" starttime="20210727 15:10:12.299" endtime="20210727 15:10:12.310"/>
</kw>
<kw name="Log" library="BuiltIn">
<arg>${NETWORK}</arg>
<doc>Logs the given message with the given level.</doc>
<msg timestamp="20210727 15:10:12.311" level="INFO">enp0s3: flags=4163&lt;UP,BROADCAST,RUNNING,MULTICAST&gt;  mtu 1500
        inet 10.0.2.15  netmask 255.255.255.0  broadcast 10.0.2.255
        inet6 fe80::49af:39d9:a007:792e  prefixlen 64  scopeid 0x20&lt;link&gt;
        ether 08:00:27:dd:d2:f7  txqueuelen 1000  (Ethernet)
        RX packets 4810  bytes 1376429 (1.3 MB)
        RX errors 0  dropped 0  overruns 0  frame 0
        TX packets 3133  bytes 460806 (460.8 KB)
        TX errors 0  dropped 0 overruns 0  carrier 0  collisions 0

lo: flags=73&lt;UP,LOOPBACK,RUNNING&gt;  mtu 65536
        inet 127.0.0.1  netmask 255.0.0.0
        inet6 ::1  prefixlen 128  scopeid 0x10&lt;host&gt;
        loop  txqueuelen 1000  (Local Loopback)
        RX packets 354  bytes 30861 (30.8 KB)
        RX errors 0  dropped 0  overruns 0  frame 0
        TX packets 354  bytes 30861 (30.8 KB)
        TX errors 0  dropped 0 overruns 0  carrier 0  collisions 0</msg>
<status status="PASS" starttime="20210727 15:10:12.311" endtime="20210727 15:10:12.311"/>
</kw>
<kw name="Should Contain" library="BuiltIn">
<arg>${NETWORK}</arg>
<arg>${NET1}</arg>
<doc>Fails if ``container`` does not contain ``item`` one or more times.</doc>
<status status="PASS" starttime="20210727 15:10:12.311" endtime="20210727 15:10:12.312"/>
</kw>
<kw name="Should Contain" library="BuiltIn">
<arg>${NETWORK}</arg>
<arg>${NET2}</arg>
<doc>Fails if ``container`` does not contain ``item`` one or more times.</doc>
<status status="PASS" starttime="20210727 15:10:12.312" endtime="20210727 15:10:12.312"/>
</kw>
<kw name="Should Contain" library="BuiltIn">
<arg>${NETWORK}</arg>
<arg>${NET3}</arg>
<doc>Fails if ``container`` does not contain ``item`` one or more times.</doc>
<status status="PASS" starttime="20210727 15:10:12.313" endtime="20210727 15:10:12.313"/>
</kw>
<status status="PASS" starttime="20210727 15:10:12.298" endtime="20210727 15:10:12.313"/>
</test>
<test id="s1-s1-t3" name="Make Directory">
<kw name="Create Directory" library="TestSSH">
<arg>directory1</arg>
<msg timestamp="20210727 15:10:12.316" level="INFO">Executing command 'mkdir directory1'.</msg>
<msg timestamp="20210727 15:10:12.329" level="INFO">Command exited with return code 1.</msg>
<status status="PASS" starttime="20210727 15:10:12.316" endtime="20210727 15:10:12.329"/>
</kw>
<kw name="Directory Should Exist" library="TestSSH">
<arg>directory1</arg>
<msg timestamp="20210727 15:10:12.336" level="INFO">[chan 4] Opened sftp connection (server version 3)</msg>
<status status="PASS" starttime="20210727 15:10:12.330" endtime="20210727 15:10:12.338"/>
</kw>
<status status="PASS" starttime="20210727 15:10:12.315" endtime="20210727 15:10:12.338"/>
</test>
<test id="s1-s1-t4" name="Make File">
<kw name="Create File" library="TestSSH">
<arg>file12.txt</arg>
<arg>my name is waseem</arg>
<arg>.</arg>
<msg timestamp="20210727 15:10:12.341" level="INFO">Executing command 'touch ./file12.txt'.</msg>
<msg timestamp="20210727 15:10:12.352" level="INFO">Command exited with return code 0.</msg>
<msg timestamp="20210727 15:10:12.352" level="INFO">Executing command 'echo ' my name is waseem' &gt;./file12.txt'.</msg>
<msg timestamp="20210727 15:10:12.365" level="INFO">Command exited with return code 0.</msg>
<status status="PASS" starttime="20210727 15:10:12.340" endtime="20210727 15:10:12.365"/>
</kw>
<kw name="File Should Exist" library="TestSSH">
<arg>file12.txt</arg>
<status status="PASS" starttime="20210727 15:10:12.365" endtime="20210727 15:10:12.366"/>
</kw>
<status status="PASS" starttime="20210727 15:10:12.340" endtime="20210727 15:10:12.367"/>
</test>
<test id="s1-s1-t5" name="Put File">
<kw name="Put File" library="TestSSH">
<arg>./file123.txt</arg>
<arg>.</arg>
<msg timestamp="20210727 15:10:12.376" level="INFO">'.\file123.txt' -&gt; '/home/waseem//file123.txt'</msg>
<status status="PASS" starttime="20210727 15:10:12.369" endtime="20210727 15:10:12.376"/>
</kw>
<kw name="File Should Exist" library="TestSSH">
<arg>file123.txt</arg>
<status status="PASS" starttime="20210727 15:10:12.377" endtime="20210727 15:10:12.378"/>
</kw>
<status status="PASS" starttime="20210727 15:10:12.368" endtime="20210727 15:10:12.379"/>
</test>
<test id="s1-s1-t6" name="Get File">
<kw name="Get File" library="TestSSH">
<arg>./file11.txt</arg>
<arg>.</arg>
<msg timestamp="20210727 15:10:12.387" level="INFO">'./file11.txt' -&gt; 'C:\Users\WaseemS\Documents\robot_py_keyword_ssh\file11.txt'</msg>
<status status="PASS" starttime="20210727 15:10:12.381" endtime="20210727 15:10:12.387"/>
</kw>
<status status="PASS" starttime="20210727 15:10:12.380" endtime="20210727 15:10:12.388"/>
</test>
<test id="s1-s1-t7" name="Copy Directory To Virtual">
<kw name="Put Directory" library="TestSSH">
<arg>.\\dir1</arg>
<arg>.</arg>
<msg timestamp="20210727 15:10:12.412" level="INFO">'.\dir1\file1.txt' -&gt; '/home/waseem/./dir1/file1.txt'</msg>
<msg timestamp="20210727 15:10:12.412" level="INFO">'.\dir1\file2.txt' -&gt; '/home/waseem/./dir1/file2.txt'</msg>
<msg timestamp="20210727 15:10:12.412" level="INFO">'.\dir1\file3.txt' -&gt; '/home/waseem/./dir1/file3.txt'</msg>
<status status="PASS" starttime="20210727 15:10:12.389" endtime="20210727 15:10:12.413"/>
</kw>
<kw name="Execute Command" library="TestSSH">
<var>${NUM_OF_FILES}</var>
<arg>ls dir1 | wc -l</arg>
<msg timestamp="20210727 15:10:12.413" level="INFO">Executing command 'ls dir1 | wc -l'.</msg>
<msg timestamp="20210727 15:10:12.425" level="INFO">Command exited with return code 0.</msg>
<msg timestamp="20210727 15:10:12.425" level="INFO">${NUM_OF_FILES} = 3</msg>
<status status="PASS" starttime="20210727 15:10:12.413" endtime="20210727 15:10:12.425"/>
</kw>
<kw name="Should Be Equal As Integers" library="BuiltIn">
<arg>${NUM_OF_FILES}</arg>
<arg>3</arg>
<doc>Fails if objects are unequal after converting them to integers.</doc>
<status status="PASS" starttime="20210727 15:10:12.425" endtime="20210727 15:10:12.426"/>
</kw>
<status status="PASS" starttime="20210727 15:10:12.389" endtime="20210727 15:10:12.426"/>
</test>
<test id="s1-s1-t8" name="Remove File From Virtual">
<kw name="Execute Command" library="TestSSH">
<arg>rm dir1/file2.txt</arg>
<msg timestamp="20210727 15:10:12.428" level="INFO">Executing command 'rm dir1/file2.txt'.</msg>
<msg timestamp="20210727 15:10:12.442" level="INFO">Command exited with return code 0.</msg>
<status status="PASS" starttime="20210727 15:10:12.428" endtime="20210727 15:10:12.442"/>
</kw>
<kw name="Execute Command" library="TestSSH">
<var>${NUM_OF_FILES}</var>
<arg>ls dir1 | wc -l</arg>
<msg timestamp="20210727 15:10:12.442" level="INFO">Executing command 'ls dir1 | wc -l'.</msg>
<msg timestamp="20210727 15:10:12.456" level="INFO">Command exited with return code 0.</msg>
<msg timestamp="20210727 15:10:12.456" level="INFO">${NUM_OF_FILES} = 2</msg>
<status status="PASS" starttime="20210727 15:10:12.442" endtime="20210727 15:10:12.456"/>
</kw>
<kw name="Should Be Equal As Integers" library="BuiltIn">
<arg>${NUM_OF_FILES}</arg>
<arg>2</arg>
<doc>Fails if objects are unequal after converting them to integers.</doc>
<status status="PASS" starttime="20210727 15:10:12.456" endtime="20210727 15:10:12.457"/>
</kw>
<status status="PASS" starttime="20210727 15:10:12.428" endtime="20210727 15:10:12.457"/>
</test>
<test id="s1-s1-t9" name="Empty Directory">
<kw name="Remove Files In Directory" library="TestSSH">
<arg>dir1</arg>
<msg timestamp="20210727 15:10:12.460" level="INFO">Executing command 'rm dir1/*'.</msg>
<msg timestamp="20210727 15:10:12.473" level="INFO">Command exited with return code 0.</msg>
<status status="PASS" starttime="20210727 15:10:12.460" endtime="20210727 15:10:12.473"/>
</kw>
<kw name="Execute Command" library="TestSSH">
<var>${NUM_OF_FILES}</var>
<arg>ls dir1 | wc -l</arg>
<msg timestamp="20210727 15:10:12.473" level="INFO">Executing command 'ls dir1 | wc -l'.</msg>
<msg timestamp="20210727 15:10:12.486" level="INFO">Command exited with return code 0.</msg>
<msg timestamp="20210727 15:10:12.486" level="INFO">${NUM_OF_FILES} = 0</msg>
<status status="PASS" starttime="20210727 15:10:12.473" endtime="20210727 15:10:12.486"/>
</kw>
<kw name="Should Be Equal As Integers" library="BuiltIn">
<arg>${NUM_OF_FILES}</arg>
<arg>0</arg>
<doc>Fails if objects are unequal after converting them to integers.</doc>
<status status="PASS" starttime="20210727 15:10:12.487" endtime="20210727 15:10:12.487"/>
</kw>
<status status="PASS" starttime="20210727 15:10:12.459" endtime="20210727 15:10:12.487"/>
</test>
<status status="PASS" starttime="20210727 15:10:12.275" endtime="20210727 15:10:12.489"/>
</suite>
<kw name="Custom TearDown" type="TEARDOWN">
<kw name="Logout From Host" library="TestSSH">
<status status="PASS" starttime="20210727 15:10:12.492" endtime="20210727 15:10:12.492"/>
</kw>
<status status="PASS" starttime="20210727 15:10:12.491" endtime="20210727 15:10:12.493"/>
</kw>
<status status="PASS" starttime="20210727 15:10:10.898" endtime="20210727 15:10:12.493"/>
</suite>
<statistics>
<total>
<stat pass="9" fail="0" skip="0">All Tests</stat>
</total>
<tag>
</tag>
<suite>
<stat pass="9" fail="0" skip="0" id="s1" name="Test Vm">Test Vm</stat>
<stat pass="9" fail="0" skip="0" id="s1-s1" name="Test Vm">Test Vm.Test Vm</stat>
</suite>
</statistics>
<errors>
</errors>
</robot>
